Test (2C): basic persistence ...
  ... Passed --   4.3  3  137   35872    6
Test (2C): more persistence ...
  ... Passed --  15.7  5 1491  340681   16
Test (2C): partitioned leader and one follower crash, leader restarts ...
  ... Passed --   1.6  3   46   12443    4
Test (2C): Figure 8 ...
  ... Passed --  30.3  5 1237  294769   25
Test (2C): unreliable agreement ...
  ... Passed --   1.5  5  953  316939  246
Test (2C): Figure 8 (unreliable) ...
  ... Passed --  32.7  5 15119 48141707  289
Test (2C): churn ...
--- FAIL: TestReliableChurn2C (26.13s)
    config.go:551: one(8054886932074062501) failed to reach agreement
Test (2C): unreliable churn ...
--- FAIL: TestUnreliableChurn2C (26.11s)
    config.go:551: one(7618996038901087886) failed to reach agreement
FAIL
exit status 1
FAIL	6.824/raft	138.407s
