Test (2C): basic persistence ...
  ... Passed --   3.8  3  129   34394    6
Test (2C): more persistence ...
  ... Passed --  15.2  5 1456  331984   16
Test (2C): partitioned leader and one follower crash, leader restarts ...
  ... Passed --   1.6  3   46   12151    4
Test (2C): Figure 8 ...
  ... Passed --  34.6  5 1325  308035   33
Test (2C): unreliable agreement ...
  ... Passed --   1.9  5  965  319531  246
Test (2C): Figure 8 (unreliable) ...
--- FAIL: TestFigure8Unreliable2C (40.40s)
    config.go:551: one(1073) failed to reach agreement
Test (2C): churn ...
  ... Passed --  16.2  5 12065 119304476 3865
Test (2C): unreliable churn ...
--- FAIL: TestUnreliableChurn2C (26.40s)
    config.go:551: one(6383221301621398470) failed to reach agreement
FAIL
exit status 1
FAIL	6.824/raft	140.151s
