Test (2C): basic persistence ...
  ... Passed --   3.5  3  121   32468    6
Test (2C): more persistence ...
  ... Passed --  15.3  5 1460  331590   16
Test (2C): partitioned leader and one follower crash, leader restarts ...
  ... Passed --   1.6  3   46   12395    4
Test (2C): Figure 8 ...
  ... Passed --  34.4  5 1321  299595   23
Test (2C): unreliable agreement ...
  ... Passed --   1.5  5  957  318448  246
Test (2C): Figure 8 (unreliable) ...
--- FAIL: TestFigure8Unreliable2C (41.90s)
    config.go:551: one(1695) failed to reach agreement
Test (2C): churn ...
  ... Passed --  16.1  5 7073 11944260 2004
Test (2C): unreliable churn ...
--- FAIL: TestUnreliableChurn2C (26.15s)
    config.go:551: one(6280951487207572078) failed to reach agreement
FAIL
exit status 1
FAIL	6.824/raft	140.655s
