Test (2C): basic persistence ...
  ... Passed --   3.9  3  123   32940    6
Test (2C): more persistence ...
  ... Passed --  15.4  5 1468  334812   16
Test (2C): partitioned leader and one follower crash, leader restarts ...
  ... Passed --   1.7  3   45   12035    4
Test (2C): Figure 8 ...
  ... Passed --  36.9  5 1415  311110   41
Test (2C): unreliable agreement ...
  ... Passed --   1.6  5  944  315186  246
Test (2C): Figure 8 (unreliable) ...
  ... Passed --  32.4  5 12498 15598757  243
Test (2C): churn ...
--- FAIL: TestReliableChurn2C (26.36s)
    config.go:551: one(4154788978713303211) failed to reach agreement
Test (2C): unreliable churn ...
--- FAIL: TestUnreliableChurn2C (26.12s)
    config.go:551: one(7278285749377547141) failed to reach agreement
FAIL
exit status 1
FAIL	6.824/raft	144.383s
