Test (2C): basic persistence ...
  ... Passed --   3.8  3  123   33030    6
Test (2C): more persistence ...
  ... Passed --  15.7  5 1496  337934   16
Test (2C): partitioned leader and one follower crash, leader restarts ...
  ... Passed --   1.6  3   46   12451    4
Test (2C): Figure 8 ...
  ... Passed --  30.3  5 1209  292790   24
Test (2C): unreliable agreement ...
  ... Passed --   1.5  5  954  320120  246
Test (2C): Figure 8 (unreliable) ...
--- FAIL: TestFigure8Unreliable2C (39.37s)
    config.go:551: one(2314) failed to reach agreement
Test (2C): churn ...
--- FAIL: TestReliableChurn2C (26.14s)
    config.go:551: one(1040893204249299098) failed to reach agreement
Test (2C): unreliable churn ...
--- FAIL: TestUnreliableChurn2C (26.10s)
    config.go:551: one(3192710776065055903) failed to reach agreement
FAIL
exit status 1
FAIL	6.824/raft	144.554s
