Test (2C): basic persistence ...
  ... Passed --   3.6  3  123   32826    6
Test (2C): more persistence ...
  ... Passed --  15.6  5 1480  338772   16
Test (2C): partitioned leader and one follower crash, leader restarts ...
  ... Passed --   1.7  3   44   11881    4
Test (2C): Figure 8 ...
  ... Passed --  31.7  5 1261  295023   30
Test (2C): unreliable agreement ...
  ... Passed --   1.5  5  957  320937  246
Test (2C): Figure 8 (unreliable) ...
--- FAIL: TestFigure8Unreliable2C (38.83s)
    config.go:551: one(9955) failed to reach agreement
Test (2C): churn ...
--- FAIL: TestReliableChurn2C (26.15s)
    config.go:551: one(5256325386710974821) failed to reach agreement
Test (2C): unreliable churn ...
--- FAIL: TestUnreliableChurn2C (26.32s)
    config.go:551: one(132122019036069910) failed to reach agreement
FAIL
exit status 1
FAIL	6.824/raft	145.482s
