Test (2C): basic persistence ...
  ... Passed --   3.6  3  117   31196    6
Test (2C): more persistence ...
  ... Passed --  15.4  5 1460  333964   16
Test (2C): partitioned leader and one follower crash, leader restarts ...
  ... Passed --   1.7  3   48   12857    4
Test (2C): Figure 8 ...
  ... Passed --  32.5  5 1203  264251   32
Test (2C): unreliable agreement ...
  ... Passed --   1.6  5  959  318249  246
Test (2C): Figure 8 (unreliable) ...
--- FAIL: TestFigure8Unreliable2C (45.80s)
    config.go:551: one(5728) failed to reach agreement
Test (2C): churn ...
--- FAIL: TestReliableChurn2C (26.15s)
    config.go:551: one(2974332313706581463) failed to reach agreement
Test (2C): unreliable churn ...
  ... Passed --  20.9  5 2556 3410349  320
FAIL
exit status 1
FAIL	6.824/raft	147.580s
