Test (2C): basic persistence ...
  ... Passed --   4.3  3  155   38362    6
Test (2C): more persistence ...
  ... Passed --  15.4  5 1476  336491   16
Test (2C): partitioned leader and one follower crash, leader restarts ...
  ... Passed --   1.7  3   46   12111    4
Test (2C): Figure 8 ...
  ... Passed --  31.1  5 1177  263212   25
Test (2C): unreliable agreement ...
  ... Passed --   1.5  5  952  312362  246
Test (2C): Figure 8 (unreliable) ...
--- FAIL: TestFigure8Unreliable2C (42.71s)
    config.go:551: one(8088) failed to reach agreement
Test (2C): churn ...
--- FAIL: TestReliableChurn2C (26.13s)
    config.go:551: one(8662274185274025387) failed to reach agreement
Test (2C): unreliable churn ...
--- FAIL: TestUnreliableChurn2C (26.11s)
    config.go:551: one(7594778923455747821) failed to reach agreement
FAIL
exit status 1
FAIL	6.824/raft	149.022s
