Test (2C): basic persistence ...
  ... Passed --   4.7  3  151   37328    6
Test (2C): more persistence ...
  ... Passed --  15.5  5 1472  335050   16
Test (2C): partitioned leader and one follower crash, leader restarts ...
  ... Passed --   1.7  3   46   12471    4
Test (2C): Figure 8 ...
  ... Passed --  30.7  5 1163  258846   30
Test (2C): unreliable agreement ...
  ... Passed --   1.5  5  958  317193  246
Test (2C): Figure 8 (unreliable) ...
--- FAIL: TestFigure8Unreliable2C (43.23s)
    config.go:551: one(9404) failed to reach agreement
Test (2C): churn ...
--- FAIL: TestReliableChurn2C (26.19s)
    config.go:551: one(2616343228483545207) failed to reach agreement
Test (2C): unreliable churn ...
--- FAIL: TestUnreliableChurn2C (26.31s)
    config.go:551: one(1081685578614697060) failed to reach agreement
FAIL
exit status 1
FAIL	6.824/raft	149.924s
