Test (2C): basic persistence ...
  ... Passed --   3.6  3  119   31838    6
Test (2C): more persistence ...
  ... Passed --  15.8  5 1508  341979   16
Test (2C): partitioned leader and one follower crash, leader restarts ...
  ... Passed --   1.7  3   48   12757    4
Test (2C): Figure 8 ...
  ... Passed --  34.0  5 1328  302230   31
Test (2C): unreliable agreement ...
  ... Passed --   1.5  5  971  322352  246
Test (2C): Figure 8 (unreliable) ...
--- FAIL: TestFigure8Unreliable2C (41.26s)
    config.go:551: one(1043) failed to reach agreement
Test (2C): churn ...
--- FAIL: TestReliableChurn2C (26.21s)
    config.go:551: one(8102488176400863609) failed to reach agreement
Test (2C): unreliable churn ...
--- FAIL: TestUnreliableChurn2C (26.44s)
    config.go:551: one(2057819441618703739) failed to reach agreement
FAIL
exit status 1
FAIL	6.824/raft	150.605s
